-------------------------------------------------------------------------------
Test set: com.research.rbac_testing.metamorphic.EquivalenceBasedMRs
-------------------------------------------------------------------------------
Tests run: 10, Failures: 1, Errors: 0, Skipped: 0, Time elapsed: 0.059 s <<< FAILURE! -- in com.research.rbac_testing.metamorphic.EquivalenceBasedMRs
com.research.rbac_testing.metamorphic.EquivalenceBasedMRs.representationFormatEquivalence -- Time elapsed: 0.003 s <<< FAILURE!
org.opentest4j.AssertionFailedError: 
[Role ROLE_A permissions should be independent of string formatting] 
expected: ["ROLE_A"]
 but was: ["ROLE_C", "ROLE_A", "ROLE_B"]
	at java.base/jdk.internal.reflect.DirectConstructorHandleAccessor.newInstance(DirectConstructorHandleAccessor.java:62)
	at java.base/java.lang.reflect.Constructor.newInstanceWithCaller(Constructor.java:501)
	at com.research.rbac_testing.metamorphic.EquivalenceBasedMRs.representationFormatEquivalence(EquivalenceBasedMRs.java:250)
	at java.base/java.lang.reflect.Method.invoke(Method.java:580)
	at net.jqwik.engine.execution.CheckedPropertyFactory.lambda$createRawFunction$1(CheckedPropertyFactory.java:84)
	at net.jqwik.engine.execution.CheckedPropertyFactory.lambda$createRawFunction$2(CheckedPropertyFactory.java:91)
	at net.jqwik.engine.properties.CheckedFunction.execute(CheckedFunction.java:17)
	at net.jqwik.api.lifecycle.AroundTryHook.lambda$static$0(AroundTryHook.java:57)
	at net.jqwik.engine.execution.lifecycle.HookSupport.lambda$wrap$2(HookSupport.java:48)
	at net.jqwik.engine.hooks.lifecycle.TryLifecycleMethodsHook.aroundTry(TryLifecycleMethodsHook.java:56)
	at net.jqwik.engine.execution.lifecycle.HookSupport.lambda$wrap$3(HookSupport.java:53)
	at net.jqwik.engine.execution.lifecycle.HookSupport.lambda$wrap$2(HookSupport.java:48)
	at net.jqwik.engine.hooks.lifecycle.BeforeTryMembersHook.aroundTry(BeforeTryMembersHook.java:69)
	at net.jqwik.engine.execution.lifecycle.HookSupport.lambda$wrap$3(HookSupport.java:53)
	at net.jqwik.engine.execution.CheckedPropertyFactory.lambda$createTryExecutor$0(CheckedPropertyFactory.java:60)
	at net.jqwik.engine.execution.lifecycle.AroundTryLifecycle.execute(AroundTryLifecycle.java:23)
	at net.jqwik.engine.properties.GenericProperty.testPredicate(GenericProperty.java:166)
	at net.jqwik.engine.properties.GenericProperty.check(GenericProperty.java:68)
	at net.jqwik.engine.execution.CheckedProperty.check(CheckedProperty.java:67)
	at net.jqwik.engine.execution.PropertyMethodExecutor.executeProperty(PropertyMethodExecutor.java:90)
	at net.jqwik.engine.execution.PropertyMethodExecutor.executeMethod(PropertyMethodExecutor.java:69)
	at net.jqwik.engine.execution.PropertyMethodExecutor.lambda$execute$0(PropertyMethodExecutor.java:49)
	at net.jqwik.api.lifecycle.AroundPropertyHook.lambda$static$0(AroundPropertyHook.java:46)
	at net.jqwik.engine.execution.lifecycle.HookSupport.lambda$wrap$0(HookSupport.java:26)
	at net.jqwik.api.lifecycle.PropertyExecutor.executeAndFinally(PropertyExecutor.java:39)
	at net.jqwik.engine.hooks.lifecycle.PropertyLifecycleMethodsHook.aroundProperty(PropertyLifecycleMethodsHook.java:56)
	at net.jqwik.engine.execution.lifecycle.HookSupport.lambda$wrap$1(HookSupport.java:31)
	at net.jqwik.engine.execution.lifecycle.HookSupport.lambda$wrap$0(HookSupport.java:26)
	at net.jqwik.engine.hooks.statistics.StatisticsHook.aroundProperty(StatisticsHook.java:37)
	at net.jqwik.engine.execution.lifecycle.HookSupport.lambda$wrap$1(HookSupport.java:31)
	at net.jqwik.engine.execution.lifecycle.HookSupport.lambda$wrap$0(HookSupport.java:26)
	at net.jqwik.engine.hooks.lifecycle.AutoCloseableHook.aroundProperty(AutoCloseableHook.java:13)
	at net.jqwik.engine.execution.lifecycle.HookSupport.lambda$wrap$1(HookSupport.java:31)
	at net.jqwik.engine.execution.PropertyMethodExecutor.execute(PropertyMethodExecutor.java:47)
	at net.jqwik.engine.execution.PropertyTaskCreator.executeTestMethod(PropertyTaskCreator.java:166)
	at net.jqwik.engine.execution.PropertyTaskCreator.lambda$createTask$1(PropertyTaskCreator.java:51)
	at net.jqwik.engine.execution.lifecycle.CurrentDomainContext.runWithContext(CurrentDomainContext.java:28)
	at net.jqwik.engine.execution.PropertyTaskCreator.lambda$createTask$2(PropertyTaskCreator.java:50)
	at net.jqwik.engine.execution.pipeline.ExecutionTask$1.lambda$execute$0(ExecutionTask.java:31)
	at net.jqwik.engine.execution.lifecycle.CurrentTestDescriptor.runWithDescriptor(CurrentTestDescriptor.java:17)
	at net.jqwik.engine.execution.pipeline.ExecutionTask$1.execute(ExecutionTask.java:31)
	at net.jqwik.engine.execution.pipeline.ExecutionPipeline.runToTermination(ExecutionPipeline.java:82)
	at net.jqwik.engine.execution.JqwikExecutor.execute(JqwikExecutor.java:46)
	at net.jqwik.engine.JqwikTestEngine.executeTests(JqwikTestEngine.java:70)
	at net.jqwik.engine.JqwikTestEngine.execute(JqwikTestEngine.java:53)

