-------------------------------------------------------------------------------
Test set: com.research.rbac_testing.bugs.ConcurrentModificationTests
-------------------------------------------------------------------------------
Tests run: 9, Failures: 9, Errors: 0, Skipped: 0, Time elapsed: 0.091 s <<< FAILURE! -- in com.research.rbac_testing.bugs.ConcurrentModificationTests
com.research.rbac_testing.bugs.ConcurrentModificationTests.conc03_ConsistentResultsUnderConcurrency -- Time elapsed: 0.048 s <<< FAILURE!
java.lang.AssertionError: 
[All observed results must correspond to a valid hierarchy state. Unexpected results: %s[[ROLE_ADMIN]]] 
Expecting empty but was: [["ROLE_ADMIN"]]
	at com.research.rbac_testing.bugs.ConcurrentModificationTests.conc03_ConsistentResultsUnderConcurrency(ConcurrentModificationTests.java:263)
	at java.base/java.lang.reflect.Method.invoke(Method.java:565)
	at java.base/java.util.ArrayList.forEach(ArrayList.java:1604)
	at java.base/java.util.ArrayList.forEach(ArrayList.java:1604)

com.research.rbac_testing.bugs.ConcurrentModificationTests.conc02_HighConcurrencyStressTest -- Time elapsed: 0.013 s <<< FAILURE!
org.opentest4j.AssertionFailedError: 
[All follow-up reads should connect to a valid hierarchy state (MR violation count)] 
expected: 0
 but was: 193
	at java.base/jdk.internal.reflect.DirectConstructorHandleAccessor.newInstance(DirectConstructorHandleAccessor.java:62)
	at java.base/java.lang.reflect.Constructor.newInstanceWithCaller(Constructor.java:499)
	at com.research.rbac_testing.bugs.ConcurrentModificationTests.conc02_HighConcurrencyStressTest(ConcurrentModificationTests.java:180)
	at java.base/java.lang.reflect.Method.invoke(Method.java:565)
	at java.base/java.util.ArrayList.forEach(ArrayList.java:1604)
	at java.base/java.util.ArrayList.forEach(ArrayList.java:1604)

com.research.rbac_testing.bugs.ConcurrentModificationTests.conc05_RapidModificationDuringQuery -- Time elapsed: 0.003 s <<< FAILURE!
org.opentest4j.AssertionFailedError: 
[Follow-up reads during rapid writes must equal the source result. Violations detected: 73] 
expected: 0
 but was: 73
	at java.base/jdk.internal.reflect.DirectConstructorHandleAccessor.newInstance(DirectConstructorHandleAccessor.java:62)
	at java.base/java.lang.reflect.Constructor.newInstanceWithCaller(Constructor.java:499)
	at com.research.rbac_testing.bugs.ConcurrentModificationTests.conc05_RapidModificationDuringQuery(ConcurrentModificationTests.java:405)
	at java.base/java.lang.reflect.Method.invoke(Method.java:565)
	at java.base/java.util.ArrayList.forEach(ArrayList.java:1604)
	at java.base/java.util.ArrayList.forEach(ArrayList.java:1604)

com.research.rbac_testing.bugs.ConcurrentModificationTests.conc04_RepeatedConcurrentTest(RepetitionInfo)[1] -- Time elapsed: 0.003 s <<< FAILURE!
org.opentest4j.AssertionFailedError: 
[Repeated concurrent reads must consistently equal the source result (MR violation count)] 
expected: 0
 but was: 8
	at java.base/jdk.internal.reflect.DirectConstructorHandleAccessor.newInstance(DirectConstructorHandleAccessor.java:62)
	at java.base/java.lang.reflect.Constructor.newInstanceWithCaller(Constructor.java:499)
	at com.research.rbac_testing.bugs.ConcurrentModificationTests.conc04_RepeatedConcurrentTest(ConcurrentModificationTests.java:331)
	at java.base/java.lang.reflect.Method.invoke(Method.java:565)
	at java.base/java.util.Optional.ifPresent(Optional.java:178)
	at java.base/java.util.stream.ForEachOps$ForEachOp$OfRef.accept(ForEachOps.java:186)
	at java.base/java.util.stream.ReferencePipeline$3$1.accept(ReferencePipeline.java:214)
	at java.base/java.util.stream.IntPipeline$1$1.accept(IntPipeline.java:180)
	at java.base/java.util.stream.Streams$RangeIntSpliterator.forEachRemaining(Streams.java:104)
	at java.base/java.util.Spliterator$OfInt.forEachRemaining(Spliterator.java:710)
	at java.base/java.util.stream.AbstractPipeline.copyInto(AbstractPipeline.java:570)
	at java.base/java.util.stream.AbstractPipeline.wrapAndCopyInto(AbstractPipeline.java:560)
	at java.base/java.util.stream.ForEachOps$ForEachOp.evaluateSequential(ForEachOps.java:153)
	at java.base/java.util.stream.ForEachOps$ForEachOp$OfRef.evaluateSequential(ForEachOps.java:176)
	at java.base/java.util.stream.AbstractPipeline.evaluate(AbstractPipeline.java:265)
	at java.base/java.util.stream.ReferencePipeline.forEach(ReferencePipeline.java:632)
	at java.base/java.util.ArrayList.forEach(ArrayList.java:1604)
	at java.base/java.util.ArrayList.forEach(ArrayList.java:1604)

com.research.rbac_testing.bugs.ConcurrentModificationTests.conc04_RepeatedConcurrentTest(RepetitionInfo)[2] -- Time elapsed: 0.001 s <<< FAILURE!
org.opentest4j.AssertionFailedError: 
[Repeated concurrent reads must consistently equal the source result (MR violation count)] 
expected: 0
 but was: 7
	at java.base/jdk.internal.reflect.DirectConstructorHandleAccessor.newInstance(DirectConstructorHandleAccessor.java:62)
	at java.base/java.lang.reflect.Constructor.newInstanceWithCaller(Constructor.java:499)
	at com.research.rbac_testing.bugs.ConcurrentModificationTests.conc04_RepeatedConcurrentTest(ConcurrentModificationTests.java:331)
	at java.base/java.lang.reflect.Method.invoke(Method.java:565)
	at java.base/java.util.Optional.ifPresent(Optional.java:178)
	at java.base/java.util.stream.ForEachOps$ForEachOp$OfRef.accept(ForEachOps.java:186)
	at java.base/java.util.stream.ReferencePipeline$3$1.accept(ReferencePipeline.java:214)
	at java.base/java.util.stream.IntPipeline$1$1.accept(IntPipeline.java:180)
	at java.base/java.util.stream.Streams$RangeIntSpliterator.forEachRemaining(Streams.java:104)
	at java.base/java.util.Spliterator$OfInt.forEachRemaining(Spliterator.java:710)
	at java.base/java.util.stream.AbstractPipeline.copyInto(AbstractPipeline.java:570)
	at java.base/java.util.stream.AbstractPipeline.wrapAndCopyInto(AbstractPipeline.java:560)
	at java.base/java.util.stream.ForEachOps$ForEachOp.evaluateSequential(ForEachOps.java:153)
	at java.base/java.util.stream.ForEachOps$ForEachOp$OfRef.evaluateSequential(ForEachOps.java:176)
	at java.base/java.util.stream.AbstractPipeline.evaluate(AbstractPipeline.java:265)
	at java.base/java.util.stream.ReferencePipeline.forEach(ReferencePipeline.java:632)
	at java.base/java.util.ArrayList.forEach(ArrayList.java:1604)
	at java.base/java.util.ArrayList.forEach(ArrayList.java:1604)

com.research.rbac_testing.bugs.ConcurrentModificationTests.conc04_RepeatedConcurrentTest(RepetitionInfo)[3] -- Time elapsed: 0.001 s <<< FAILURE!
org.opentest4j.AssertionFailedError: 
[Repeated concurrent reads must consistently equal the source result (MR violation count)] 
expected: 0
 but was: 6
	at java.base/jdk.internal.reflect.DirectConstructorHandleAccessor.newInstance(DirectConstructorHandleAccessor.java:62)
	at java.base/java.lang.reflect.Constructor.newInstanceWithCaller(Constructor.java:499)
	at com.research.rbac_testing.bugs.ConcurrentModificationTests.conc04_RepeatedConcurrentTest(ConcurrentModificationTests.java:331)
	at java.base/java.lang.reflect.Method.invoke(Method.java:565)
	at java.base/java.util.Optional.ifPresent(Optional.java:178)
	at java.base/java.util.stream.ForEachOps$ForEachOp$OfRef.accept(ForEachOps.java:186)
	at java.base/java.util.stream.ReferencePipeline$3$1.accept(ReferencePipeline.java:214)
	at java.base/java.util.stream.IntPipeline$1$1.accept(IntPipeline.java:180)
	at java.base/java.util.stream.Streams$RangeIntSpliterator.forEachRemaining(Streams.java:104)
	at java.base/java.util.Spliterator$OfInt.forEachRemaining(Spliterator.java:710)
	at java.base/java.util.stream.AbstractPipeline.copyInto(AbstractPipeline.java:570)
	at java.base/java.util.stream.AbstractPipeline.wrapAndCopyInto(AbstractPipeline.java:560)
	at java.base/java.util.stream.ForEachOps$ForEachOp.evaluateSequential(ForEachOps.java:153)
	at java.base/java.util.stream.ForEachOps$ForEachOp$OfRef.evaluateSequential(ForEachOps.java:176)
	at java.base/java.util.stream.AbstractPipeline.evaluate(AbstractPipeline.java:265)
	at java.base/java.util.stream.ReferencePipeline.forEach(ReferencePipeline.java:632)
	at java.base/java.util.ArrayList.forEach(ArrayList.java:1604)
	at java.base/java.util.ArrayList.forEach(ArrayList.java:1604)

com.research.rbac_testing.bugs.ConcurrentModificationTests.conc04_RepeatedConcurrentTest(RepetitionInfo)[4] -- Time elapsed: 0.002 s <<< FAILURE!
org.opentest4j.AssertionFailedError: 
[Repeated concurrent reads must consistently equal the source result (MR violation count)] 
expected: 0
 but was: 25
	at java.base/jdk.internal.reflect.DirectConstructorHandleAccessor.newInstance(DirectConstructorHandleAccessor.java:62)
	at java.base/java.lang.reflect.Constructor.newInstanceWithCaller(Constructor.java:499)
	at com.research.rbac_testing.bugs.ConcurrentModificationTests.conc04_RepeatedConcurrentTest(ConcurrentModificationTests.java:331)
	at java.base/java.lang.reflect.Method.invoke(Method.java:565)
	at java.base/java.util.Optional.ifPresent(Optional.java:178)
	at java.base/java.util.stream.ForEachOps$ForEachOp$OfRef.accept(ForEachOps.java:186)
	at java.base/java.util.stream.ReferencePipeline$3$1.accept(ReferencePipeline.java:214)
	at java.base/java.util.stream.IntPipeline$1$1.accept(IntPipeline.java:180)
	at java.base/java.util.stream.Streams$RangeIntSpliterator.forEachRemaining(Streams.java:104)
	at java.base/java.util.Spliterator$OfInt.forEachRemaining(Spliterator.java:710)
	at java.base/java.util.stream.AbstractPipeline.copyInto(AbstractPipeline.java:570)
	at java.base/java.util.stream.AbstractPipeline.wrapAndCopyInto(AbstractPipeline.java:560)
	at java.base/java.util.stream.ForEachOps$ForEachOp.evaluateSequential(ForEachOps.java:153)
	at java.base/java.util.stream.ForEachOps$ForEachOp$OfRef.evaluateSequential(ForEachOps.java:176)
	at java.base/java.util.stream.AbstractPipeline.evaluate(AbstractPipeline.java:265)
	at java.base/java.util.stream.ReferencePipeline.forEach(ReferencePipeline.java:632)
	at java.base/java.util.ArrayList.forEach(ArrayList.java:1604)
	at java.base/java.util.ArrayList.forEach(ArrayList.java:1604)

com.research.rbac_testing.bugs.ConcurrentModificationTests.conc04_RepeatedConcurrentTest(RepetitionInfo)[5] -- Time elapsed: 0.002 s <<< FAILURE!
org.opentest4j.AssertionFailedError: 
[Repeated concurrent reads must consistently equal the source result (MR violation count)] 
expected: 0
 but was: 5
	at java.base/jdk.internal.reflect.DirectConstructorHandleAccessor.newInstance(DirectConstructorHandleAccessor.java:62)
	at java.base/java.lang.reflect.Constructor.newInstanceWithCaller(Constructor.java:499)
	at com.research.rbac_testing.bugs.ConcurrentModificationTests.conc04_RepeatedConcurrentTest(ConcurrentModificationTests.java:331)
	at java.base/java.lang.reflect.Method.invoke(Method.java:565)
	at java.base/java.util.Optional.ifPresent(Optional.java:178)
	at java.base/java.util.stream.ForEachOps$ForEachOp$OfRef.accept(ForEachOps.java:186)
	at java.base/java.util.stream.ReferencePipeline$3$1.accept(ReferencePipeline.java:214)
	at java.base/java.util.stream.IntPipeline$1$1.accept(IntPipeline.java:180)
	at java.base/java.util.stream.Streams$RangeIntSpliterator.forEachRemaining(Streams.java:108)
	at java.base/java.util.Spliterator$OfInt.forEachRemaining(Spliterator.java:710)
	at java.base/java.util.stream.AbstractPipeline.copyInto(AbstractPipeline.java:570)
	at java.base/java.util.stream.AbstractPipeline.wrapAndCopyInto(AbstractPipeline.java:560)
	at java.base/java.util.stream.ForEachOps$ForEachOp.evaluateSequential(ForEachOps.java:153)
	at java.base/java.util.stream.ForEachOps$ForEachOp$OfRef.evaluateSequential(ForEachOps.java:176)
	at java.base/java.util.stream.AbstractPipeline.evaluate(AbstractPipeline.java:265)
	at java.base/java.util.stream.ReferencePipeline.forEach(ReferencePipeline.java:632)
	at java.base/java.util.ArrayList.forEach(ArrayList.java:1604)
	at java.base/java.util.ArrayList.forEach(ArrayList.java:1604)

com.research.rbac_testing.bugs.ConcurrentModificationTests.conc01_ConcurrentReadsDuringWrite -- Time elapsed: 0.003 s <<< FAILURE!
org.opentest4j.AssertionFailedError: 
[Follow up results during concurrent writes should equal to the source result] 
expected: 0
 but was: 37
	at java.base/jdk.internal.reflect.DirectConstructorHandleAccessor.newInstance(DirectConstructorHandleAccessor.java:62)
	at java.base/java.lang.reflect.Constructor.newInstanceWithCaller(Constructor.java:499)
	at com.research.rbac_testing.bugs.ConcurrentModificationTests.conc01_ConcurrentReadsDuringWrite(ConcurrentModificationTests.java:96)
	at java.base/java.lang.reflect.Method.invoke(Method.java:565)
	at java.base/java.util.ArrayList.forEach(ArrayList.java:1604)
	at java.base/java.util.ArrayList.forEach(ArrayList.java:1604)

