<?xml version="1.0" encoding="UTF-8"?>
<testsuite xmlns:xsi="http://www.w3.org/2001/XMLSchema-instance" xsi:noNamespaceSchemaLocation="https://maven.apache.org/surefire/maven-surefire-plugin/xsd/surefire-test-report.xsd" version="3.0.2" name="com.research.rbac_testing.bugs.ConcurrentModificationTests" time="0.091" tests="9" errors="0" skipped="0" failures="9">
  <properties>
[...]
</properties>
  <testcase name="conc03_ConsistentResultsUnderConcurrency" classname="com.research.rbac_testing.bugs.ConcurrentModificationTests" time="0.048">
    <failure message="[All observed results must correspond to a valid hierarchy state. Unexpected results: %s[[ROLE_ADMIN]]] &#10;Expecting empty but was: [[&quot;ROLE_ADMIN&quot;]]" type="java.lang.AssertionError"><![CDATA[java.lang.AssertionError: 
[All observed results must correspond to a valid hierarchy state. Unexpected results: %s[[ROLE_ADMIN]]] 
Expecting empty but was: [["ROLE_ADMIN"]]
	at com.research.rbac_testing.bugs.ConcurrentModificationTests.conc03_ConsistentResultsUnderConcurrency(ConcurrentModificationTests.java:263)
	at java.base/java.lang.reflect.Method.invoke(Method.java:565)
	at java.base/java.util.ArrayList.forEach(ArrayList.java:1604)
	at java.base/java.util.ArrayList.forEach(ArrayList.java:1604)
]]></failure>
    <system-out><![CDATA[>>> MR recorded: CONC-03 FAIL (28561ms)
]]></system-out>
  </testcase>
  <testcase name="conc02_HighConcurrencyStressTest" classname="com.research.rbac_testing.bugs.ConcurrentModificationTests" time="0.013">
    <failure message="[All follow-up reads should connect to a valid hierarchy state (MR violation count)] &#10;expected: 0&#10; but was: 193" type="org.opentest4j.AssertionFailedError"><![CDATA[org.opentest4j.AssertionFailedError: 
[All follow-up reads should connect to a valid hierarchy state (MR violation count)] 
expected: 0
 but was: 193
	at java.base/jdk.internal.reflect.DirectConstructorHandleAccessor.newInstance(DirectConstructorHandleAccessor.java:62)
	at java.base/java.lang.reflect.Constructor.newInstanceWithCaller(Constructor.java:499)
	at com.research.rbac_testing.bugs.ConcurrentModificationTests.conc02_HighConcurrencyStressTest(ConcurrentModificationTests.java:180)
	at java.base/java.lang.reflect.Method.invoke(Method.java:565)
	at java.base/java.util.ArrayList.forEach(ArrayList.java:1604)
	at java.base/java.util.ArrayList.forEach(ArrayList.java:1604)
]]></failure>
    <system-out><![CDATA[>>> MR recorded: CONC-02 FAIL (11370ms)
]]></system-out>
  </testcase>
  <testcase name="conc05_RapidModificationDuringQuery" classname="com.research.rbac_testing.bugs.ConcurrentModificationTests" time="0.003">
    <failure message="[Follow-up reads during rapid writes must equal the source result. Violations detected: 73] &#10;expected: 0&#10; but was: 73" type="org.opentest4j.AssertionFailedError"><![CDATA[org.opentest4j.AssertionFailedError: 
[Follow-up reads during rapid writes must equal the source result. Violations detected: 73] 
expected: 0
 but was: 73
	at java.base/jdk.internal.reflect.DirectConstructorHandleAccessor.newInstance(DirectConstructorHandleAccessor.java:62)
	at java.base/java.lang.reflect.Constructor.newInstanceWithCaller(Constructor.java:499)
	at com.research.rbac_testing.bugs.ConcurrentModificationTests.conc05_RapidModificationDuringQuery(ConcurrentModificationTests.java:405)
	at java.base/java.lang.reflect.Method.invoke(Method.java:565)
	at java.base/java.util.ArrayList.forEach(ArrayList.java:1604)
	at java.base/java.util.ArrayList.forEach(ArrayList.java:1604)
]]></failure>
    <system-out><![CDATA[>>> MR recorded: CONC-05 FAIL (1911ms)
]]></system-out>
  </testcase>
  <testcase name="conc04_RepeatedConcurrentTest(RepetitionInfo)[1]" classname="com.research.rbac_testing.bugs.ConcurrentModificationTests" time="0.003">
    <failure message="[Repeated concurrent reads must consistently equal the source result (MR violation count)] &#10;expected: 0&#10; but was: 8" type="org.opentest4j.AssertionFailedError"><![CDATA[org.opentest4j.AssertionFailedError: 
[Repeated concurrent reads must consistently equal the source result (MR violation count)] 
expected: 0
 but was: 8
	at java.base/jdk.internal.reflect.DirectConstructorHandleAccessor.newInstance(DirectConstructorHandleAccessor.java:62)
	at java.base/java.lang.reflect.Constructor.newInstanceWithCaller(Constructor.java:499)
	at com.research.rbac_testing.bugs.ConcurrentModificationTests.conc04_RepeatedConcurrentTest(ConcurrentModificationTests.java:331)
	at java.base/java.lang.reflect.Method.invoke(Method.java:565)
	at java.base/java.util.Optional.ifPresent(Optional.java:178)
	at java.base/java.util.stream.ForEachOps$ForEachOp$OfRef.accept(ForEachOps.java:186)
	at java.base/java.util.stream.ReferencePipeline$3$1.accept(ReferencePipeline.java:214)
	at java.base/java.util.stream.IntPipeline$1$1.accept(IntPipeline.java:180)
	at java.base/java.util.stream.Streams$RangeIntSpliterator.forEachRemaining(Streams.java:104)
	at java.base/java.util.Spliterator$OfInt.forEachRemaining(Spliterator.java:710)
	at java.base/java.util.stream.AbstractPipeline.copyInto(AbstractPipeline.java:570)
	at java.base/java.util.stream.AbstractPipeline.wrapAndCopyInto(AbstractPipeline.java:560)
	at java.base/java.util.stream.ForEachOps$ForEachOp.evaluateSequential(ForEachOps.java:153)
	at java.base/java.util.stream.ForEachOps$ForEachOp$OfRef.evaluateSequential(ForEachOps.java:176)
	at java.base/java.util.stream.AbstractPipeline.evaluate(AbstractPipeline.java:265)
	at java.base/java.util.stream.ReferencePipeline.forEach(ReferencePipeline.java:632)
	at java.base/java.util.ArrayList.forEach(ArrayList.java:1604)
	at java.base/java.util.ArrayList.forEach(ArrayList.java:1604)
]]></failure>
    <system-out><![CDATA[>>> MR recorded: CONC-04-R1 FAIL (1303ms)
]]></system-out>
  </testcase>
  <testcase name="conc04_RepeatedConcurrentTest(RepetitionInfo)[2]" classname="com.research.rbac_testing.bugs.ConcurrentModificationTests" time="0.001">
    <failure message="[Repeated concurrent reads must consistently equal the source result (MR violation count)] &#10;expected: 0&#10; but was: 7" type="org.opentest4j.AssertionFailedError"><![CDATA[org.opentest4j.AssertionFailedError: 
[Repeated concurrent reads must consistently equal the source result (MR violation count)] 
expected: 0
 but was: 7
	at java.base/jdk.internal.reflect.DirectConstructorHandleAccessor.newInstance(DirectConstructorHandleAccessor.java:62)
	at java.base/java.lang.reflect.Constructor.newInstanceWithCaller(Constructor.java:499)
	at com.research.rbac_testing.bugs.ConcurrentModificationTests.conc04_RepeatedConcurrentTest(ConcurrentModificationTests.java:331)
	at java.base/java.lang.reflect.Method.invoke(Method.java:565)
	at java.base/java.util.Optional.ifPresent(Optional.java:178)
	at java.base/java.util.stream.ForEachOps$ForEachOp$OfRef.accept(ForEachOps.java:186)
	at java.base/java.util.stream.ReferencePipeline$3$1.accept(ReferencePipeline.java:214)
	at java.base/java.util.stream.IntPipeline$1$1.accept(IntPipeline.java:180)
	at java.base/java.util.stream.Streams$RangeIntSpliterator.forEachRemaining(Streams.java:104)
	at java.base/java.util.Spliterator$OfInt.forEachRemaining(Spliterator.java:710)
	at java.base/java.util.stream.AbstractPipeline.copyInto(AbstractPipeline.java:570)
	at java.base/java.util.stream.AbstractPipeline.wrapAndCopyInto(AbstractPipeline.java:560)
	at java.base/java.util.stream.ForEachOps$ForEachOp.evaluateSequential(ForEachOps.java:153)
	at java.base/java.util.stream.ForEachOps$ForEachOp$OfRef.evaluateSequential(ForEachOps.java:176)
	at java.base/java.util.stream.AbstractPipeline.evaluate(AbstractPipeline.java:265)
	at java.base/java.util.stream.ReferencePipeline.forEach(ReferencePipeline.java:632)
	at java.base/java.util.ArrayList.forEach(ArrayList.java:1604)
	at java.base/java.util.ArrayList.forEach(ArrayList.java:1604)
]]></failure>
    <system-out><![CDATA[>>> MR recorded: CONC-04-R2 FAIL (675ms)
]]></system-out>
  </testcase>
  <testcase name="conc04_RepeatedConcurrentTest(RepetitionInfo)[3]" classname="com.research.rbac_testing.bugs.ConcurrentModificationTests" time="0.001">
    <failure message="[Repeated concurrent reads must consistently equal the source result (MR violation count)] &#10;expected: 0&#10; but was: 6" type="org.opentest4j.AssertionFailedError"><![CDATA[org.opentest4j.AssertionFailedError: 
[Repeated concurrent reads must consistently equal the source result (MR violation count)] 
expected: 0
 but was: 6
	at java.base/jdk.internal.reflect.DirectConstructorHandleAccessor.newInstance(DirectConstructorHandleAccessor.java:62)
	at java.base/java.lang.reflect.Constructor.newInstanceWithCaller(Constructor.java:499)
	at com.research.rbac_testing.bugs.ConcurrentModificationTests.conc04_RepeatedConcurrentTest(ConcurrentModificationTests.java:331)
	at java.base/java.lang.reflect.Method.invoke(Method.java:565)
	at java.base/java.util.Optional.ifPresent(Optional.java:178)
	at java.base/java.util.stream.ForEachOps$ForEachOp$OfRef.accept(ForEachOps.java:186)
	at java.base/java.util.stream.ReferencePipeline$3$1.accept(ReferencePipeline.java:214)
	at java.base/java.util.stream.IntPipeline$1$1.accept(IntPipeline.java:180)
	at java.base/java.util.stream.Streams$RangeIntSpliterator.forEachRemaining(Streams.java:104)
	at java.base/java.util.Spliterator$OfInt.forEachRemaining(Spliterator.java:710)
	at java.base/java.util.stream.AbstractPipeline.copyInto(AbstractPipeline.java:570)
	at java.base/java.util.stream.AbstractPipeline.wrapAndCopyInto(AbstractPipeline.java:560)
	at java.base/java.util.stream.ForEachOps$ForEachOp.evaluateSequential(ForEachOps.java:153)
	at java.base/java.util.stream.ForEachOps$ForEachOp$OfRef.evaluateSequential(ForEachOps.java:176)
	at java.base/java.util.stream.AbstractPipeline.evaluate(AbstractPipeline.java:265)
	at java.base/java.util.stream.ReferencePipeline.forEach(ReferencePipeline.java:632)
	at java.base/java.util.ArrayList.forEach(ArrayList.java:1604)
	at java.base/java.util.ArrayList.forEach(ArrayList.java:1604)
]]></failure>
    <system-out><![CDATA[>>> MR recorded: CONC-04-R3 FAIL (767ms)
]]></system-out>
  </testcase>
  <testcase name="conc04_RepeatedConcurrentTest(RepetitionInfo)[4]" classname="com.research.rbac_testing.bugs.ConcurrentModificationTests" time="0.002">
    <failure message="[Repeated concurrent reads must consistently equal the source result (MR violation count)] &#10;expected: 0&#10; but was: 25" type="org.opentest4j.AssertionFailedError"><![CDATA[org.opentest4j.AssertionFailedError: 
[Repeated concurrent reads must consistently equal the source result (MR violation count)] 
expected: 0
 but was: 25
	at java.base/jdk.internal.reflect.DirectConstructorHandleAccessor.newInstance(DirectConstructorHandleAccessor.java:62)
	at java.base/java.lang.reflect.Constructor.newInstanceWithCaller(Constructor.java:499)
	at com.research.rbac_testing.bugs.ConcurrentModificationTests.conc04_RepeatedConcurrentTest(ConcurrentModificationTests.java:331)
	at java.base/java.lang.reflect.Method.invoke(Method.java:565)
	at java.base/java.util.Optional.ifPresent(Optional.java:178)
	at java.base/java.util.stream.ForEachOps$ForEachOp$OfRef.accept(ForEachOps.java:186)
	at java.base/java.util.stream.ReferencePipeline$3$1.accept(ReferencePipeline.java:214)
	at java.base/java.util.stream.IntPipeline$1$1.accept(IntPipeline.java:180)
	at java.base/java.util.stream.Streams$RangeIntSpliterator.forEachRemaining(Streams.java:104)
	at java.base/java.util.Spliterator$OfInt.forEachRemaining(Spliterator.java:710)
	at java.base/java.util.stream.AbstractPipeline.copyInto(AbstractPipeline.java:570)
	at java.base/java.util.stream.AbstractPipeline.wrapAndCopyInto(AbstractPipeline.java:560)
	at java.base/java.util.stream.ForEachOps$ForEachOp.evaluateSequential(ForEachOps.java:153)
	at java.base/java.util.stream.ForEachOps$ForEachOp$OfRef.evaluateSequential(ForEachOps.java:176)
	at java.base/java.util.stream.AbstractPipeline.evaluate(AbstractPipeline.java:265)
	at java.base/java.util.stream.ReferencePipeline.forEach(ReferencePipeline.java:632)
	at java.base/java.util.ArrayList.forEach(ArrayList.java:1604)
	at java.base/java.util.ArrayList.forEach(ArrayList.java:1604)
]]></failure>
    <system-out><![CDATA[>>> MR recorded: CONC-04-R4 FAIL (1023ms)
]]></system-out>
  </testcase>
  <testcase name="conc04_RepeatedConcurrentTest(RepetitionInfo)[5]" classname="com.research.rbac_testing.bugs.ConcurrentModificationTests" time="0.002">
    <failure message="[Repeated concurrent reads must consistently equal the source result (MR violation count)] &#10;expected: 0&#10; but was: 5" type="org.opentest4j.AssertionFailedError"><![CDATA[org.opentest4j.AssertionFailedError: 
[Repeated concurrent reads must consistently equal the source result (MR violation count)] 
expected: 0
 but was: 5
	at java.base/jdk.internal.reflect.DirectConstructorHandleAccessor.newInstance(DirectConstructorHandleAccessor.java:62)
	at java.base/java.lang.reflect.Constructor.newInstanceWithCaller(Constructor.java:499)
	at com.research.rbac_testing.bugs.ConcurrentModificationTests.conc04_RepeatedConcurrentTest(ConcurrentModificationTests.java:331)
	at java.base/java.lang.reflect.Method.invoke(Method.java:565)
	at java.base/java.util.Optional.ifPresent(Optional.java:178)
	at java.base/java.util.stream.ForEachOps$ForEachOp$OfRef.accept(ForEachOps.java:186)
	at java.base/java.util.stream.ReferencePipeline$3$1.accept(ReferencePipeline.java:214)
	at java.base/java.util.stream.IntPipeline$1$1.accept(IntPipeline.java:180)
	at java.base/java.util.stream.Streams$RangeIntSpliterator.forEachRemaining(Streams.java:108)
	at java.base/java.util.Spliterator$OfInt.forEachRemaining(Spliterator.java:710)
	at java.base/java.util.stream.AbstractPipeline.copyInto(AbstractPipeline.java:570)
	at java.base/java.util.stream.AbstractPipeline.wrapAndCopyInto(AbstractPipeline.java:560)
	at java.base/java.util.stream.ForEachOps$ForEachOp.evaluateSequential(ForEachOps.java:153)
	at java.base/java.util.stream.ForEachOps$ForEachOp$OfRef.evaluateSequential(ForEachOps.java:176)
	at java.base/java.util.stream.AbstractPipeline.evaluate(AbstractPipeline.java:265)
	at java.base/java.util.stream.ReferencePipeline.forEach(ReferencePipeline.java:632)
	at java.base/java.util.ArrayList.forEach(ArrayList.java:1604)
	at java.base/java.util.ArrayList.forEach(ArrayList.java:1604)
]]></failure>
    <system-out><![CDATA[>>> MR recorded: CONC-04-R5 FAIL (1695ms)
]]></system-out>
  </testcase>
  <testcase name="conc01_ConcurrentReadsDuringWrite" classname="com.research.rbac_testing.bugs.ConcurrentModificationTests" time="0.003">
    <failure message="[Follow up results during concurrent writes should equal to the source result] &#10;expected: 0&#10; but was: 37" type="org.opentest4j.AssertionFailedError"><![CDATA[org.opentest4j.AssertionFailedError: 
[Follow up results during concurrent writes should equal to the source result] 
expected: 0
 but was: 37
	at java.base/jdk.internal.reflect.DirectConstructorHandleAccessor.newInstance(DirectConstructorHandleAccessor.java:62)
	at java.base/java.lang.reflect.Constructor.newInstanceWithCaller(Constructor.java:499)
	at com.research.rbac_testing.bugs.ConcurrentModificationTests.conc01_ConcurrentReadsDuringWrite(ConcurrentModificationTests.java:96)
	at java.base/java.lang.reflect.Method.invoke(Method.java:565)
	at java.base/java.util.ArrayList.forEach(ArrayList.java:1604)
	at java.base/java.util.ArrayList.forEach(ArrayList.java:1604)
]]></failure>
    <system-out><![CDATA[>>> MR recorded: CONC-01 FAIL (1776ms)
]]></system-out>
  </testcase>
</testsuite>