<?xml version="1.0" encoding="UTF-8"?>
<testsuite xmlns:xsi="http://www.w3.org/2001/XMLSchema-instance" xsi:noNamespaceSchemaLocation="https://maven.apache.org/surefire/maven-surefire-plugin/xsd/surefire-test-report.xsd" version="3.0.2" name="com.research.rbac_testing.bugs.KnownBugReproductionTests" time="0.001" tests="3" errors="0" skipped="0" failures="0">
  <properties>
[...]
</properties>
  <testcase name="bug3_SelfReferenceHandling" classname="com.research.rbac_testing.bugs.KnownBugReproductionTests" time="0.001"/>
  <testcase name="bug3_SelfReferenceHandling" classname="com.research.rbac_testing.bugs.KnownBugReproductionTests" time="0.0"/>
  <testcase name="bug1_CyclicHierarchyMustBeDetected" classname="com.research.rbac_testing.bugs.KnownBugReproductionTests" time="0.001"/>
  <testcase name="bug1_CyclicHierarchyMustBeDetected" classname="com.research.rbac_testing.bugs.KnownBugReproductionTests" time="0.001"/>
  <testcase name="bug2_SimpleCycleMustBeRejected" classname="com.research.rbac_testing.bugs.KnownBugReproductionTests" time="0.0"/>
  <testcase name="bug2_SimpleCycleMustBeRejected" classname="com.research.rbac_testing.bugs.KnownBugReproductionTests" time="0.0"/>
</testsuite>