<?xml version="1.0" encoding="UTF-8"?>
<testsuite xmlns:xsi="http://www.w3.org/2001/XMLSchema-instance" xsi:noNamespaceSchemaLocation="https://maven.apache.org/surefire/maven-surefire-plugin/xsd/surefire-test-report.xsd" version="3.0.2" name="com.research.rbac_testing.metamorphic.InheritanceBasedMRs" time="0.058" tests="10" errors="0" skipped="0" failures="0">
  <properties>
[...]
</properties>
  <testcase name="diamondInheritanceConsistency" classname="com.research.rbac_testing.metamorphic.InheritanceBasedMRs" time="0.111">
    <system-out><![CDATA[>>> MR recorded: INH-07 PASS (88ms)
timestamp = 2026-04-06T18:01:23.221475, InheritanceBasedMRs:INH-07: Diamond pattern inheritance should not create any duplicates = 
                              |-----------------------jqwik-----------------------
tries = 150                   | # of calls to property
checks = 150                  | # of not rejected calls
generation = RANDOMIZED       | parameters are randomly generated
after-failure = SAMPLE_FIRST  | try previously failed sample, then previous seed
when-fixed-seed = ALLOW       | fixing the random seed is allowed
edge-cases#mode = MIXIN       | edge cases are mixed in
edge-cases#total = 0          | # of all combined edge cases
edge-cases#tried = 0          | # of edge cases tried in current run
seed = 4124430547699955251    | random seed to reproduce generated values


]]></system-out>
    <system-err><![CDATA[Apr 06, 2026 6:01:23 PM net.jqwik.engine.execution.CheckedProperty maybeWarnOnMultipleTriesWithoutForallParameters
WARNING: Running Property [InheritanceBasedMRs:INH-07: Diamond pattern inheritance should not create any duplicates] in container [com.research.rbac_testing.metamorphic.InheritanceBasedMRs] without any @ForAll parameters for 150 tries.
    Maybe you want to change it into an @Example?
]]></system-err>
  </testcase>
  <testcase name="diamondInheritanceConsistency" classname="com.research.rbac_testing.metamorphic.InheritanceBasedMRs" time="0.01">
    <system-out><![CDATA[timestamp = 2026-04-06T18:01:23.628524, InheritanceBasedMRs:INH-07: Diamond pattern inheritance should not create any duplicates = 
                              |-----------------------jqwik-----------------------
tries = 150                   | # of calls to property
checks = 150                  | # of not rejected calls
generation = RANDOMIZED       | parameters are randomly generated
after-failure = SAMPLE_FIRST  | try previously failed sample, then previous seed
when-fixed-seed = ALLOW       | fixing the random seed is allowed
edge-cases#mode = MIXIN       | edge cases are mixed in
edge-cases#total = 0          | # of all combined edge cases
edge-cases#tried = 0          | # of edge cases tried in current run
seed = -8330468711842970377   | random seed to reproduce generated values


]]></system-out>
    <system-err><![CDATA[Apr 06, 2026 6:01:23 PM net.jqwik.engine.execution.CheckedProperty maybeWarnOnMultipleTriesWithoutForallParameters
WARNING: Running Property [InheritanceBasedMRs:INH-07: Diamond pattern inheritance should not create any duplicates] in container [com.research.rbac_testing.metamorphic.InheritanceBasedMRs] without any @ForAll parameters for 150 tries.
    Maybe you want to change it into an @Example?
]]></system-err>
  </testcase>
  <testcase name="INH-04: Extending hierarchy shouldn&apos;t remove existing permissions" classname="com.research.rbac_testing.metamorphic.InheritanceBasedMRs" time="0.05">
    <system-out><![CDATA[>>> MR recorded: INH-04 PASS (48ms)
timestamp = 2026-04-06T18:01:23.272586, InheritanceBasedMRs:INH-04: Extending hierarchy shouldn't remove existing permissions = 
                              |-----------------------jqwik-----------------------
tries = 9                     | # of calls to property
checks = 9                    | # of not rejected calls
generation = EXHAUSTIVE       | parameters are exhaustively generated
after-failure = SAMPLE_FIRST  | try previously failed sample, then previous seed
when-fixed-seed = ALLOW       | fixing the random seed is allowed
edge-cases#mode = MIXIN       | edge cases are mixed in
edge-cases#total = 0          | # of all combined edge cases
edge-cases#tried = 0          | # of edge cases tried in current run
seed = 7406669668537188906    | random seed to reproduce generated values


]]></system-out>
  </testcase>
  <testcase name="INH-04: Extending hierarchy shouldn&apos;t remove existing permissions" classname="com.research.rbac_testing.metamorphic.InheritanceBasedMRs" time="0.003">
    <system-out><![CDATA[timestamp = 2026-04-06T18:01:23.633718, InheritanceBasedMRs:INH-04: Extending hierarchy shouldn't remove existing permissions = 
                              |-----------------------jqwik-----------------------
tries = 9                     | # of calls to property
checks = 9                    | # of not rejected calls
generation = EXHAUSTIVE       | parameters are exhaustively generated
after-failure = SAMPLE_FIRST  | try previously failed sample, then previous seed
when-fixed-seed = ALLOW       | fixing the random seed is allowed
edge-cases#mode = MIXIN       | edge cases are mixed in
edge-cases#total = 0          | # of all combined edge cases
edge-cases#tried = 0          | # of edge cases tried in current run
seed = 5657936871207092869    | random seed to reproduce generated values


]]></system-out>
  </testcase>
  <testcase name="INH-01: Transitive closure must work correctly in role chains" classname="com.research.rbac_testing.metamorphic.InheritanceBasedMRs" time="0.003">
    <system-out><![CDATA[>>> MR recorded: INH-01 PASS (2ms)
timestamp = 2026-04-06T18:01:23.275974, InheritanceBasedMRs:INH-01: Transitive closure must work correctly in role chains = 
                              |-----------------------jqwik-----------------------
tries = 6                     | # of calls to property
checks = 6                    | # of not rejected calls
generation = EXHAUSTIVE       | parameters are exhaustively generated
after-failure = SAMPLE_FIRST  | try previously failed sample, then previous seed
when-fixed-seed = ALLOW       | fixing the random seed is allowed
edge-cases#mode = MIXIN       | edge cases are mixed in
edge-cases#total = 0          | # of all combined edge cases
edge-cases#tried = 0          | # of edge cases tried in current run
seed = 916608484032086168     | random seed to reproduce generated values


]]></system-out>
  </testcase>
  <testcase name="INH-01: Transitive closure must work correctly in role chains" classname="com.research.rbac_testing.metamorphic.InheritanceBasedMRs" time="0.002">
    <system-out><![CDATA[timestamp = 2026-04-06T18:01:23.636449, InheritanceBasedMRs:INH-01: Transitive closure must work correctly in role chains = 
                              |-----------------------jqwik-----------------------
tries = 6                     | # of calls to property
checks = 6                    | # of not rejected calls
generation = EXHAUSTIVE       | parameters are exhaustively generated
after-failure = SAMPLE_FIRST  | try previously failed sample, then previous seed
when-fixed-seed = ALLOW       | fixing the random seed is allowed
edge-cases#mode = MIXIN       | edge cases are mixed in
edge-cases#total = 0          | # of all combined edge cases
edge-cases#tried = 0          | # of edge cases tried in current run
seed = 3820914261525470756    | random seed to reproduce generated values


]]></system-out>
  </testcase>
  <testcase name="siblingRoleIndependence" classname="com.research.rbac_testing.metamorphic.InheritanceBasedMRs" time="0.007">
    <system-out><![CDATA[>>> MR recorded: INH-09 PASS (6ms)
timestamp = 2026-04-06T18:01:23.283710, InheritanceBasedMRs:INH-09: Sibling roles at same level should not affect each other = 
                              |-----------------------jqwik-----------------------
tries = 150                   | # of calls to property
checks = 150                  | # of not rejected calls
generation = RANDOMIZED       | parameters are randomly generated
after-failure = SAMPLE_FIRST  | try previously failed sample, then previous seed
when-fixed-seed = ALLOW       | fixing the random seed is allowed
edge-cases#mode = MIXIN       | edge cases are mixed in
edge-cases#total = 0          | # of all combined edge cases
edge-cases#tried = 0          | # of edge cases tried in current run
seed = -3881005758819762800   | random seed to reproduce generated values


]]></system-out>
    <system-err><![CDATA[Apr 06, 2026 6:01:23 PM net.jqwik.engine.execution.CheckedProperty maybeWarnOnMultipleTriesWithoutForallParameters
WARNING: Running Property [InheritanceBasedMRs:INH-09: Sibling roles at same level should not affect each other] in container [com.research.rbac_testing.metamorphic.InheritanceBasedMRs] without any @ForAll parameters for 150 tries.
    Maybe you want to change it into an @Example?
]]></system-err>
  </testcase>
  <testcase name="siblingRoleIndependence" classname="com.research.rbac_testing.metamorphic.InheritanceBasedMRs" time="0.006">
    <system-out><![CDATA[timestamp = 2026-04-06T18:01:23.642399, InheritanceBasedMRs:INH-09: Sibling roles at same level should not affect each other = 
                              |-----------------------jqwik-----------------------
tries = 150                   | # of calls to property
checks = 150                  | # of not rejected calls
generation = RANDOMIZED       | parameters are randomly generated
after-failure = SAMPLE_FIRST  | try previously failed sample, then previous seed
when-fixed-seed = ALLOW       | fixing the random seed is allowed
edge-cases#mode = MIXIN       | edge cases are mixed in
edge-cases#total = 0          | # of all combined edge cases
edge-cases#tried = 0          | # of edge cases tried in current run
seed = -8629610816745362352   | random seed to reproduce generated values


]]></system-out>
    <system-err><![CDATA[Apr 06, 2026 6:01:23 PM net.jqwik.engine.execution.CheckedProperty maybeWarnOnMultipleTriesWithoutForallParameters
WARNING: Running Property [InheritanceBasedMRs:INH-09: Sibling roles at same level should not affect each other] in container [com.research.rbac_testing.metamorphic.InheritanceBasedMRs] without any @ForAll parameters for 150 tries.
    Maybe you want to change it into an @Example?
]]></system-err>
  </testcase>
  <testcase name="roleRemovalAffectsOnlyDependents" classname="com.research.rbac_testing.metamorphic.InheritanceBasedMRs" time="0.008">
    <system-out><![CDATA[>>> MR recorded: INH-05 PASS (7ms)
timestamp = 2026-04-06T18:01:23.292024, InheritanceBasedMRs:INH-05: Removing role should only affect its dependents = 
                              |-----------------------jqwik-----------------------
tries = 150                   | # of calls to property
checks = 150                  | # of not rejected calls
generation = RANDOMIZED       | parameters are randomly generated
after-failure = SAMPLE_FIRST  | try previously failed sample, then previous seed
when-fixed-seed = ALLOW       | fixing the random seed is allowed
edge-cases#mode = MIXIN       | edge cases are mixed in
edge-cases#total = 0          | # of all combined edge cases
edge-cases#tried = 0          | # of edge cases tried in current run
seed = -8999115890462117749   | random seed to reproduce generated values


]]></system-out>
    <system-err><![CDATA[Apr 06, 2026 6:01:23 PM net.jqwik.engine.execution.CheckedProperty maybeWarnOnMultipleTriesWithoutForallParameters
WARNING: Running Property [InheritanceBasedMRs:INH-05: Removing role should only affect its dependents] in container [com.research.rbac_testing.metamorphic.InheritanceBasedMRs] without any @ForAll parameters for 150 tries.
    Maybe you want to change it into an @Example?
]]></system-err>
  </testcase>
  <testcase name="roleRemovalAffectsOnlyDependents" classname="com.research.rbac_testing.metamorphic.InheritanceBasedMRs" time="0.008">
    <system-out><![CDATA[timestamp = 2026-04-06T18:01:23.650336, InheritanceBasedMRs:INH-05: Removing role should only affect its dependents = 
                              |-----------------------jqwik-----------------------
tries = 150                   | # of calls to property
checks = 150                  | # of not rejected calls
generation = RANDOMIZED       | parameters are randomly generated
after-failure = SAMPLE_FIRST  | try previously failed sample, then previous seed
when-fixed-seed = ALLOW       | fixing the random seed is allowed
edge-cases#mode = MIXIN       | edge cases are mixed in
edge-cases#total = 0          | # of all combined edge cases
edge-cases#tried = 0          | # of edge cases tried in current run
seed = 3147139295383388683    | random seed to reproduce generated values


]]></system-out>
    <system-err><![CDATA[Apr 06, 2026 6:01:23 PM net.jqwik.engine.execution.CheckedProperty maybeWarnOnMultipleTriesWithoutForallParameters
WARNING: Running Property [InheritanceBasedMRs:INH-05: Removing role should only affect its dependents] in container [com.research.rbac_testing.metamorphic.InheritanceBasedMRs] without any @ForAll parameters for 150 tries.
    Maybe you want to change it into an @Example?
]]></system-err>
  </testcase>
  <testcase name="inheritancePathSymmetry" classname="com.research.rbac_testing.metamorphic.InheritanceBasedMRs" time="0.007">
    <system-out><![CDATA[>>> MR recorded: INH-10 PASS (6ms)
timestamp = 2026-04-06T18:01:23.299610, InheritanceBasedMRs:INH-10: Multiple paths to same permission must be consistent = 
                              |-----------------------jqwik-----------------------
tries = 150                   | # of calls to property
checks = 150                  | # of not rejected calls
generation = RANDOMIZED       | parameters are randomly generated
after-failure = SAMPLE_FIRST  | try previously failed sample, then previous seed
when-fixed-seed = ALLOW       | fixing the random seed is allowed
edge-cases#mode = MIXIN       | edge cases are mixed in
edge-cases#total = 0          | # of all combined edge cases
edge-cases#tried = 0          | # of edge cases tried in current run
seed = -2729492921364249285   | random seed to reproduce generated values


]]></system-out>
    <system-err><![CDATA[Apr 06, 2026 6:01:23 PM net.jqwik.engine.execution.CheckedProperty maybeWarnOnMultipleTriesWithoutForallParameters
WARNING: Running Property [InheritanceBasedMRs:INH-10: Multiple paths to same permission must be consistent] in container [com.research.rbac_testing.metamorphic.InheritanceBasedMRs] without any @ForAll parameters for 150 tries.
    Maybe you want to change it into an @Example?
]]></system-err>
  </testcase>
  <testcase name="inheritancePathSymmetry" classname="com.research.rbac_testing.metamorphic.InheritanceBasedMRs" time="0.006">
    <system-out><![CDATA[timestamp = 2026-04-06T18:01:23.656597, InheritanceBasedMRs:INH-10: Multiple paths to same permission must be consistent = 
                              |-----------------------jqwik-----------------------
tries = 150                   | # of calls to property
checks = 150                  | # of not rejected calls
generation = RANDOMIZED       | parameters are randomly generated
after-failure = SAMPLE_FIRST  | try previously failed sample, then previous seed
when-fixed-seed = ALLOW       | fixing the random seed is allowed
edge-cases#mode = MIXIN       | edge cases are mixed in
edge-cases#total = 0          | # of all combined edge cases
edge-cases#tried = 0          | # of edge cases tried in current run
seed = -3189064742552141729   | random seed to reproduce generated values


]]></system-out>
    <system-err><![CDATA[Apr 06, 2026 6:01:23 PM net.jqwik.engine.execution.CheckedProperty maybeWarnOnMultipleTriesWithoutForallParameters
WARNING: Running Property [InheritanceBasedMRs:INH-10: Multiple paths to same permission must be consistent] in container [com.research.rbac_testing.metamorphic.InheritanceBasedMRs] without any @ForAll parameters for 150 tries.
    Maybe you want to change it into an @Example?
]]></system-err>
  </testcase>
  <testcase name="permissionAdditionPropagates" classname="com.research.rbac_testing.metamorphic.InheritanceBasedMRs" time="0.005">
    <system-out><![CDATA[>>> MR recorded: INH-08 PASS (4ms)
timestamp = 2026-04-06T18:01:23.304598, InheritanceBasedMRs:INH-08: Adding permission to junior role must propagate to all seniors = 
                              |-----------------------jqwik-----------------------
tries = 150                   | # of calls to property
checks = 150                  | # of not rejected calls
generation = RANDOMIZED       | parameters are randomly generated
after-failure = SAMPLE_FIRST  | try previously failed sample, then previous seed
when-fixed-seed = ALLOW       | fixing the random seed is allowed
edge-cases#mode = MIXIN       | edge cases are mixed in
edge-cases#total = 0          | # of all combined edge cases
edge-cases#tried = 0          | # of edge cases tried in current run
seed = 3885460680598806263    | random seed to reproduce generated values


]]></system-out>
    <system-err><![CDATA[Apr 06, 2026 6:01:23 PM net.jqwik.engine.execution.CheckedProperty maybeWarnOnMultipleTriesWithoutForallParameters
WARNING: Running Property [InheritanceBasedMRs:INH-08: Adding permission to junior role must propagate to all seniors] in container [com.research.rbac_testing.metamorphic.InheritanceBasedMRs] without any @ForAll parameters for 150 tries.
    Maybe you want to change it into an @Example?
]]></system-err>
  </testcase>
  <testcase name="permissionAdditionPropagates" classname="com.research.rbac_testing.metamorphic.InheritanceBasedMRs" time="0.005">
    <system-out><![CDATA[timestamp = 2026-04-06T18:01:23.662573, InheritanceBasedMRs:INH-08: Adding permission to junior role must propagate to all seniors = 
                              |-----------------------jqwik-----------------------
tries = 150                   | # of calls to property
checks = 150                  | # of not rejected calls
generation = RANDOMIZED       | parameters are randomly generated
after-failure = SAMPLE_FIRST  | try previously failed sample, then previous seed
when-fixed-seed = ALLOW       | fixing the random seed is allowed
edge-cases#mode = MIXIN       | edge cases are mixed in
edge-cases#total = 0          | # of all combined edge cases
edge-cases#tried = 0          | # of edge cases tried in current run
seed = 2530193210898705553    | random seed to reproduce generated values


]]></system-out>
    <system-err><![CDATA[Apr 06, 2026 6:01:23 PM net.jqwik.engine.execution.CheckedProperty maybeWarnOnMultipleTriesWithoutForallParameters
WARNING: Running Property [InheritanceBasedMRs:INH-08: Adding permission to junior role must propagate to all seniors] in container [com.research.rbac_testing.metamorphic.InheritanceBasedMRs] without any @ForAll parameters for 150 tries.
    Maybe you want to change it into an @Example?
]]></system-err>
  </testcase>
  <testcase name="INH-06: Multi-hop transitive inheritance must propagate all permissions" classname="com.research.rbac_testing.metamorphic.InheritanceBasedMRs" time="0.002">
    <system-out><![CDATA[>>> MR recorded: INH-06 PASS (2ms)
timestamp = 2026-04-06T18:01:23.307603, InheritanceBasedMRs:INH-06: Multi-hop transitive inheritance must propagate all permissions = 
                              |-----------------------jqwik-----------------------
tries = 4                     | # of calls to property
checks = 4                    | # of not rejected calls
generation = EXHAUSTIVE       | parameters are exhaustively generated
after-failure = SAMPLE_FIRST  | try previously failed sample, then previous seed
when-fixed-seed = ALLOW       | fixing the random seed is allowed
edge-cases#mode = MIXIN       | edge cases are mixed in
edge-cases#total = 0          | # of all combined edge cases
edge-cases#tried = 0          | # of edge cases tried in current run
seed = -639919396198600662    | random seed to reproduce generated values


]]></system-out>
  </testcase>
  <testcase name="INH-06: Multi-hop transitive inheritance must propagate all permissions" classname="com.research.rbac_testing.metamorphic.InheritanceBasedMRs" time="0.002">
    <system-out><![CDATA[timestamp = 2026-04-06T18:01:23.664997, InheritanceBasedMRs:INH-06: Multi-hop transitive inheritance must propagate all permissions = 
                              |-----------------------jqwik-----------------------
tries = 4                     | # of calls to property
checks = 4                    | # of not rejected calls
generation = EXHAUSTIVE       | parameters are exhaustively generated
after-failure = SAMPLE_FIRST  | try previously failed sample, then previous seed
when-fixed-seed = ALLOW       | fixing the random seed is allowed
edge-cases#mode = MIXIN       | edge cases are mixed in
edge-cases#total = 0          | # of all combined edge cases
edge-cases#tried = 0          | # of edge cases tried in current run
seed = 4068344214919477273    | random seed to reproduce generated values


]]></system-out>
  </testcase>
  <testcase name="multiplePathsYieldSamePermissions" classname="com.research.rbac_testing.metamorphic.InheritanceBasedMRs" time="0.006">
    <system-out><![CDATA[>>> MR recorded: INH-03 PASS (4ms)
timestamp = 2026-04-06T18:01:23.312877, InheritanceBasedMRs:INH-03: Multiple inheritance paths should yield consistent permissions = 
                              |-----------------------jqwik-----------------------
tries = 150                   | # of calls to property
checks = 150                  | # of not rejected calls
generation = RANDOMIZED       | parameters are randomly generated
after-failure = SAMPLE_FIRST  | try previously failed sample, then previous seed
when-fixed-seed = ALLOW       | fixing the random seed is allowed
edge-cases#mode = MIXIN       | edge cases are mixed in
edge-cases#total = 0          | # of all combined edge cases
edge-cases#tried = 0          | # of edge cases tried in current run
seed = -3472987302056451350   | random seed to reproduce generated values


]]></system-out>
    <system-err><![CDATA[Apr 06, 2026 6:01:23 PM net.jqwik.engine.execution.CheckedProperty maybeWarnOnMultipleTriesWithoutForallParameters
WARNING: Running Property [InheritanceBasedMRs:INH-03: Multiple inheritance paths should yield consistent permissions] in container [com.research.rbac_testing.metamorphic.InheritanceBasedMRs] without any @ForAll parameters for 150 tries.
    Maybe you want to change it into an @Example?
]]></system-err>
  </testcase>
  <testcase name="multiplePathsYieldSamePermissions" classname="com.research.rbac_testing.metamorphic.InheritanceBasedMRs" time="0.005">
    <system-out><![CDATA[timestamp = 2026-04-06T18:01:23.670510, InheritanceBasedMRs:INH-03: Multiple inheritance paths should yield consistent permissions = 
                              |-----------------------jqwik-----------------------
tries = 150                   | # of calls to property
checks = 150                  | # of not rejected calls
generation = RANDOMIZED       | parameters are randomly generated
after-failure = SAMPLE_FIRST  | try previously failed sample, then previous seed
when-fixed-seed = ALLOW       | fixing the random seed is allowed
edge-cases#mode = MIXIN       | edge cases are mixed in
edge-cases#total = 0          | # of all combined edge cases
edge-cases#tried = 0          | # of edge cases tried in current run
seed = -453838539285369252    | random seed to reproduce generated values


]]></system-out>
    <system-err><![CDATA[Apr 06, 2026 6:01:23 PM net.jqwik.engine.execution.CheckedProperty maybeWarnOnMultipleTriesWithoutForallParameters
WARNING: Running Property [InheritanceBasedMRs:INH-03: Multiple inheritance paths should yield consistent permissions] in container [com.research.rbac_testing.metamorphic.InheritanceBasedMRs] without any @ForAll parameters for 150 tries.
    Maybe you want to change it into an @Example?
]]></system-err>
  </testcase>
  <testcase name="antisymmetryPreventsSimpleCycles" classname="com.research.rbac_testing.metamorphic.InheritanceBasedMRs" time="0.008">
    <system-out><![CDATA[>>> MR recorded: INH-02 FAIL (7ms)
timestamp = 2026-04-06T18:01:23.321135, InheritanceBasedMRs:INH-02: Role hierarchy must maintain antisymmetry (no cycles) = 
                              |-----------------------jqwik-----------------------
tries = 150                   | # of calls to property
checks = 150                  | # of not rejected calls
generation = RANDOMIZED       | parameters are randomly generated
after-failure = SAMPLE_FIRST  | try previously failed sample, then previous seed
when-fixed-seed = ALLOW       | fixing the random seed is allowed
edge-cases#mode = MIXIN       | edge cases are mixed in
edge-cases#total = 0          | # of all combined edge cases
edge-cases#tried = 0          | # of edge cases tried in current run
seed = -8587285918649952687   | random seed to reproduce generated values


]]></system-out>
    <system-err><![CDATA[Apr 06, 2026 6:01:23 PM net.jqwik.engine.execution.CheckedProperty maybeWarnOnMultipleTriesWithoutForallParameters
WARNING: Running Property [InheritanceBasedMRs:INH-02: Role hierarchy must maintain antisymmetry (no cycles)] in container [com.research.rbac_testing.metamorphic.InheritanceBasedMRs] without any @ForAll parameters for 150 tries.
    Maybe you want to change it into an @Example?
]]></system-err>
  </testcase>
  <testcase name="antisymmetryPreventsSimpleCycles" classname="com.research.rbac_testing.metamorphic.InheritanceBasedMRs" time="0.005">
    <system-out><![CDATA[timestamp = 2026-04-06T18:01:23.676413, InheritanceBasedMRs:INH-02: Role hierarchy must maintain antisymmetry (no cycles) = 
                              |-----------------------jqwik-----------------------
tries = 150                   | # of calls to property
checks = 150                  | # of not rejected calls
generation = RANDOMIZED       | parameters are randomly generated
after-failure = SAMPLE_FIRST  | try previously failed sample, then previous seed
when-fixed-seed = ALLOW       | fixing the random seed is allowed
edge-cases#mode = MIXIN       | edge cases are mixed in
edge-cases#total = 0          | # of all combined edge cases
edge-cases#tried = 0          | # of edge cases tried in current run
seed = -8303573592165684494   | random seed to reproduce generated values


]]></system-out>
    <system-err><![CDATA[Apr 06, 2026 6:01:23 PM net.jqwik.engine.execution.CheckedProperty maybeWarnOnMultipleTriesWithoutForallParameters
WARNING: Running Property [InheritanceBasedMRs:INH-02: Role hierarchy must maintain antisymmetry (no cycles)] in container [com.research.rbac_testing.metamorphic.InheritanceBasedMRs] without any @ForAll parameters for 150 tries.
    Maybe you want to change it into an @Example?
]]></system-err>
  </testcase>
</testsuite>