<?xml version="1.0" encoding="UTF-8"?>
<testsuite xmlns:xsi="http://www.w3.org/2001/XMLSchema-instance" xsi:noNamespaceSchemaLocation="https://maven.apache.org/surefire/maven-surefire-plugin/xsd/surefire-test-report.xsd" version="3.0.2" name="com.research.rbac_testing.bugs.ConcurrentModificationTestsPatched" time="0.089" tests="9" errors="0" skipped="0" failures="9">
  <properties>
[...]
</properties>
  <testcase name="conc03_ConsistentResultsUnderConcurrency" classname="com.research.rbac_testing.bugs.ConcurrentModificationTestsPatched" time="0.048">
    <failure message="[All observed results must correspond to a valid hierarchy state. Unexpected results: %s[[ROLE_ADMIN]]] &#10;Expecting empty but was: [[&quot;ROLE_ADMIN&quot;]]" type="java.lang.AssertionError"><![CDATA[java.lang.AssertionError: 
[All observed results must correspond to a valid hierarchy state. Unexpected results: %s[[ROLE_ADMIN]]] 
Expecting empty but was: [["ROLE_ADMIN"]]
	at com.research.rbac_testing.bugs.ConcurrentModificationTestsPatched.conc03_ConsistentResultsUnderConcurrency(ConcurrentModificationTestsPatched.java:264)
	at java.base/java.lang.reflect.Method.invoke(Method.java:565)
	at java.base/java.util.ArrayList.forEach(ArrayList.java:1604)
	at java.base/java.util.ArrayList.forEach(ArrayList.java:1604)
]]></failure>
    <system-out><![CDATA[>>> MR recorded: CONC-03-P FAIL (28520ms)
]]></system-out>
  </testcase>
  <testcase name="conc02_HighConcurrencyStressTest" classname="com.research.rbac_testing.bugs.ConcurrentModificationTestsPatched" time="0.012">
    <failure message="[All follow-up reads should connect to a valid hierarchy state (MR violation count)] &#10;expected: 0&#10; but was: 210" type="org.opentest4j.AssertionFailedError"><![CDATA[org.opentest4j.AssertionFailedError: 
[All follow-up reads should connect to a valid hierarchy state (MR violation count)] 
expected: 0
 but was: 210
	at java.base/jdk.internal.reflect.DirectConstructorHandleAccessor.newInstance(DirectConstructorHandleAccessor.java:62)
	at java.base/java.lang.reflect.Constructor.newInstanceWithCaller(Constructor.java:499)
	at com.research.rbac_testing.bugs.ConcurrentModificationTestsPatched.conc02_HighConcurrencyStressTest(ConcurrentModificationTestsPatched.java:181)
	at java.base/java.lang.reflect.Method.invoke(Method.java:565)
	at java.base/java.util.ArrayList.forEach(ArrayList.java:1604)
	at java.base/java.util.ArrayList.forEach(ArrayList.java:1604)
]]></failure>
    <system-out><![CDATA[>>> MR recorded: CONC-02-P FAIL (11786ms)
]]></system-out>
  </testcase>
  <testcase name="conc05_RapidModificationDuringQuery" classname="com.research.rbac_testing.bugs.ConcurrentModificationTestsPatched" time="0.003">
    <failure message="[Follow-up reads during rapid writes must equal the source result. Violations detected: 139] &#10;expected: 0&#10; but was: 139" type="org.opentest4j.AssertionFailedError"><![CDATA[org.opentest4j.AssertionFailedError: 
[Follow-up reads during rapid writes must equal the source result. Violations detected: 139] 
expected: 0
 but was: 139
	at java.base/jdk.internal.reflect.DirectConstructorHandleAccessor.newInstance(DirectConstructorHandleAccessor.java:62)
	at java.base/java.lang.reflect.Constructor.newInstanceWithCaller(Constructor.java:499)
	at com.research.rbac_testing.bugs.ConcurrentModificationTestsPatched.conc05_RapidModificationDuringQuery(ConcurrentModificationTestsPatched.java:406)
	at java.base/java.lang.reflect.Method.invoke(Method.java:565)
	at java.base/java.util.ArrayList.forEach(ArrayList.java:1604)
	at java.base/java.util.ArrayList.forEach(ArrayList.java:1604)
]]></failure>
    <system-out><![CDATA[>>> MR recorded: CONC-05-P FAIL (1862ms)
]]></system-out>
  </testcase>
  <testcase name="conc04_RepeatedConcurrentTest(RepetitionInfo)[1]" classname="com.research.rbac_testing.bugs.ConcurrentModificationTestsPatched" time="0.003">
    <failure message="[Repeated concurrent reads must consistently equal the source result (MR violation count)] &#10;expected: 0&#10; but was: 53" type="org.opentest4j.AssertionFailedError"><![CDATA[org.opentest4j.AssertionFailedError: 
[Repeated concurrent reads must consistently equal the source result (MR violation count)] 
expected: 0
 but was: 53
	at java.base/jdk.internal.reflect.DirectConstructorHandleAccessor.newInstance(DirectConstructorHandleAccessor.java:62)
	at java.base/java.lang.reflect.Constructor.newInstanceWithCaller(Constructor.java:499)
	at com.research.rbac_testing.bugs.ConcurrentModificationTestsPatched.conc04_RepeatedConcurrentTest(ConcurrentModificationTestsPatched.java:332)
	at java.base/java.lang.reflect.Method.invoke(Method.java:565)
	at java.base/java.util.Optional.ifPresent(Optional.java:178)
	at java.base/java.util.stream.ForEachOps$ForEachOp$OfRef.accept(ForEachOps.java:186)
	at java.base/java.util.stream.ReferencePipeline$3$1.accept(ReferencePipeline.java:214)
	at java.base/java.util.stream.IntPipeline$1$1.accept(IntPipeline.java:180)
	at java.base/java.util.stream.Streams$RangeIntSpliterator.forEachRemaining(Streams.java:104)
	at java.base/java.util.Spliterator$OfInt.forEachRemaining(Spliterator.java:710)
	at java.base/java.util.stream.AbstractPipeline.copyInto(AbstractPipeline.java:570)
	at java.base/java.util.stream.AbstractPipeline.wrapAndCopyInto(AbstractPipeline.java:560)
	at java.base/java.util.stream.ForEachOps$ForEachOp.evaluateSequential(ForEachOps.java:153)
	at java.base/java.util.stream.ForEachOps$ForEachOp$OfRef.evaluateSequential(ForEachOps.java:176)
	at java.base/java.util.stream.AbstractPipeline.evaluate(AbstractPipeline.java:265)
	at java.base/java.util.stream.ReferencePipeline.forEach(ReferencePipeline.java:632)
	at java.base/java.util.ArrayList.forEach(ArrayList.java:1604)
	at java.base/java.util.ArrayList.forEach(ArrayList.java:1604)
]]></failure>
    <system-out><![CDATA[>>> MR recorded: CONC-04-R1 FAIL (1207ms)
]]></system-out>
  </testcase>
  <testcase name="conc04_RepeatedConcurrentTest(RepetitionInfo)[2]" classname="com.research.rbac_testing.bugs.ConcurrentModificationTestsPatched" time="0.002">
    <failure message="[Repeated concurrent reads must consistently equal the source result (MR violation count)] &#10;expected: 0&#10; but was: 60" type="org.opentest4j.AssertionFailedError"><![CDATA[org.opentest4j.AssertionFailedError: 
[Repeated concurrent reads must consistently equal the source result (MR violation count)] 
expected: 0
 but was: 60
	at java.base/jdk.internal.reflect.DirectConstructorHandleAccessor.newInstance(DirectConstructorHandleAccessor.java:62)
	at java.base/java.lang.reflect.Constructor.newInstanceWithCaller(Constructor.java:499)
	at com.research.rbac_testing.bugs.ConcurrentModificationTestsPatched.conc04_RepeatedConcurrentTest(ConcurrentModificationTestsPatched.java:332)
	at java.base/java.lang.reflect.Method.invoke(Method.java:565)
	at java.base/java.util.Optional.ifPresent(Optional.java:178)
	at java.base/java.util.stream.ForEachOps$ForEachOp$OfRef.accept(ForEachOps.java:186)
	at java.base/java.util.stream.ReferencePipeline$3$1.accept(ReferencePipeline.java:214)
	at java.base/java.util.stream.IntPipeline$1$1.accept(IntPipeline.java:180)
	at java.base/java.util.stream.Streams$RangeIntSpliterator.forEachRemaining(Streams.java:104)
	at java.base/java.util.Spliterator$OfInt.forEachRemaining(Spliterator.java:710)
	at java.base/java.util.stream.AbstractPipeline.copyInto(AbstractPipeline.java:570)
	at java.base/java.util.stream.AbstractPipeline.wrapAndCopyInto(AbstractPipeline.java:560)
	at java.base/java.util.stream.ForEachOps$ForEachOp.evaluateSequential(ForEachOps.java:153)
	at java.base/java.util.stream.ForEachOps$ForEachOp$OfRef.evaluateSequential(ForEachOps.java:176)
	at java.base/java.util.stream.AbstractPipeline.evaluate(AbstractPipeline.java:265)
	at java.base/java.util.stream.ReferencePipeline.forEach(ReferencePipeline.java:632)
	at java.base/java.util.ArrayList.forEach(ArrayList.java:1604)
	at java.base/java.util.ArrayList.forEach(ArrayList.java:1604)
]]></failure>
    <system-out><![CDATA[>>> MR recorded: CONC-04-R2 FAIL (796ms)
]]></system-out>
  </testcase>
  <testcase name="conc04_RepeatedConcurrentTest(RepetitionInfo)[3]" classname="com.research.rbac_testing.bugs.ConcurrentModificationTestsPatched" time="0.002">
    <failure message="[Repeated concurrent reads must consistently equal the source result (MR violation count)] &#10;expected: 0&#10; but was: 41" type="org.opentest4j.AssertionFailedError"><![CDATA[org.opentest4j.AssertionFailedError: 
[Repeated concurrent reads must consistently equal the source result (MR violation count)] 
expected: 0
 but was: 41
	at java.base/jdk.internal.reflect.DirectConstructorHandleAccessor.newInstance(DirectConstructorHandleAccessor.java:62)
	at java.base/java.lang.reflect.Constructor.newInstanceWithCaller(Constructor.java:499)
	at com.research.rbac_testing.bugs.ConcurrentModificationTestsPatched.conc04_RepeatedConcurrentTest(ConcurrentModificationTestsPatched.java:332)
	at java.base/java.lang.reflect.Method.invoke(Method.java:565)
	at java.base/java.util.Optional.ifPresent(Optional.java:178)
	at java.base/java.util.stream.ForEachOps$ForEachOp$OfRef.accept(ForEachOps.java:186)
	at java.base/java.util.stream.ReferencePipeline$3$1.accept(ReferencePipeline.java:214)
	at java.base/java.util.stream.IntPipeline$1$1.accept(IntPipeline.java:180)
	at java.base/java.util.stream.Streams$RangeIntSpliterator.forEachRemaining(Streams.java:104)
	at java.base/java.util.Spliterator$OfInt.forEachRemaining(Spliterator.java:710)
	at java.base/java.util.stream.AbstractPipeline.copyInto(AbstractPipeline.java:570)
	at java.base/java.util.stream.AbstractPipeline.wrapAndCopyInto(AbstractPipeline.java:560)
	at java.base/java.util.stream.ForEachOps$ForEachOp.evaluateSequential(ForEachOps.java:153)
	at java.base/java.util.stream.ForEachOps$ForEachOp$OfRef.evaluateSequential(ForEachOps.java:176)
	at java.base/java.util.stream.AbstractPipeline.evaluate(AbstractPipeline.java:265)
	at java.base/java.util.stream.ReferencePipeline.forEach(ReferencePipeline.java:632)
	at java.base/java.util.ArrayList.forEach(ArrayList.java:1604)
	at java.base/java.util.ArrayList.forEach(ArrayList.java:1604)
]]></failure>
    <system-out><![CDATA[>>> MR recorded: CONC-04-R3 FAIL (905ms)
]]></system-out>
  </testcase>
  <testcase name="conc04_RepeatedConcurrentTest(RepetitionInfo)[4]" classname="com.research.rbac_testing.bugs.ConcurrentModificationTestsPatched" time="0.002">
    <failure message="[Repeated concurrent reads must consistently equal the source result (MR violation count)] &#10;expected: 0&#10; but was: 28" type="org.opentest4j.AssertionFailedError"><![CDATA[org.opentest4j.AssertionFailedError: 
[Repeated concurrent reads must consistently equal the source result (MR violation count)] 
expected: 0
 but was: 28
	at java.base/jdk.internal.reflect.DirectConstructorHandleAccessor.newInstance(DirectConstructorHandleAccessor.java:62)
	at java.base/java.lang.reflect.Constructor.newInstanceWithCaller(Constructor.java:499)
	at com.research.rbac_testing.bugs.ConcurrentModificationTestsPatched.conc04_RepeatedConcurrentTest(ConcurrentModificationTestsPatched.java:332)
	at java.base/java.lang.reflect.Method.invoke(Method.java:565)
	at java.base/java.util.Optional.ifPresent(Optional.java:178)
	at java.base/java.util.stream.ForEachOps$ForEachOp$OfRef.accept(ForEachOps.java:186)
	at java.base/java.util.stream.ReferencePipeline$3$1.accept(ReferencePipeline.java:214)
	at java.base/java.util.stream.IntPipeline$1$1.accept(IntPipeline.java:180)
	at java.base/java.util.stream.Streams$RangeIntSpliterator.forEachRemaining(Streams.java:104)
	at java.base/java.util.Spliterator$OfInt.forEachRemaining(Spliterator.java:710)
	at java.base/java.util.stream.AbstractPipeline.copyInto(AbstractPipeline.java:570)
	at java.base/java.util.stream.AbstractPipeline.wrapAndCopyInto(AbstractPipeline.java:560)
	at java.base/java.util.stream.ForEachOps$ForEachOp.evaluateSequential(ForEachOps.java:153)
	at java.base/java.util.stream.ForEachOps$ForEachOp$OfRef.evaluateSequential(ForEachOps.java:176)
	at java.base/java.util.stream.AbstractPipeline.evaluate(AbstractPipeline.java:265)
	at java.base/java.util.stream.ReferencePipeline.forEach(ReferencePipeline.java:632)
	at java.base/java.util.ArrayList.forEach(ArrayList.java:1604)
	at java.base/java.util.ArrayList.forEach(ArrayList.java:1604)
]]></failure>
    <system-out><![CDATA[>>> MR recorded: CONC-04-R4 FAIL (1040ms)
]]></system-out>
  </testcase>
  <testcase name="conc04_RepeatedConcurrentTest(RepetitionInfo)[5]" classname="com.research.rbac_testing.bugs.ConcurrentModificationTestsPatched" time="0.002">
    <failure message="[Repeated concurrent reads must consistently equal the source result (MR violation count)] &#10;expected: 0&#10; but was: 23" type="org.opentest4j.AssertionFailedError"><![CDATA[org.opentest4j.AssertionFailedError: 
[Repeated concurrent reads must consistently equal the source result (MR violation count)] 
expected: 0
 but was: 23
	at java.base/jdk.internal.reflect.DirectConstructorHandleAccessor.newInstance(DirectConstructorHandleAccessor.java:62)
	at java.base/java.lang.reflect.Constructor.newInstanceWithCaller(Constructor.java:499)
	at com.research.rbac_testing.bugs.ConcurrentModificationTestsPatched.conc04_RepeatedConcurrentTest(ConcurrentModificationTestsPatched.java:332)
	at java.base/java.lang.reflect.Method.invoke(Method.java:565)
	at java.base/java.util.Optional.ifPresent(Optional.java:178)
	at java.base/java.util.stream.ForEachOps$ForEachOp$OfRef.accept(ForEachOps.java:186)
	at java.base/java.util.stream.ReferencePipeline$3$1.accept(ReferencePipeline.java:214)
	at java.base/java.util.stream.IntPipeline$1$1.accept(IntPipeline.java:180)
	at java.base/java.util.stream.Streams$RangeIntSpliterator.forEachRemaining(Streams.java:108)
	at java.base/java.util.Spliterator$OfInt.forEachRemaining(Spliterator.java:710)
	at java.base/java.util.stream.AbstractPipeline.copyInto(AbstractPipeline.java:570)
	at java.base/java.util.stream.AbstractPipeline.wrapAndCopyInto(AbstractPipeline.java:560)
	at java.base/java.util.stream.ForEachOps$ForEachOp.evaluateSequential(ForEachOps.java:153)
	at java.base/java.util.stream.ForEachOps$ForEachOp$OfRef.evaluateSequential(ForEachOps.java:176)
	at java.base/java.util.stream.AbstractPipeline.evaluate(AbstractPipeline.java:265)
	at java.base/java.util.stream.ReferencePipeline.forEach(ReferencePipeline.java:632)
	at java.base/java.util.ArrayList.forEach(ArrayList.java:1604)
	at java.base/java.util.ArrayList.forEach(ArrayList.java:1604)
]]></failure>
    <system-out><![CDATA[>>> MR recorded: CONC-04-R5 FAIL (726ms)
]]></system-out>
  </testcase>
  <testcase name="conc01_ConcurrentReadsDuringWrite" classname="com.research.rbac_testing.bugs.ConcurrentModificationTestsPatched" time="0.002">
    <failure message="[Follow up results during concurrent writes should equal to the source result] &#10;expected: 0&#10; but was: 20" type="org.opentest4j.AssertionFailedError"><![CDATA[org.opentest4j.AssertionFailedError: 
[Follow up results during concurrent writes should equal to the source result] 
expected: 0
 but was: 20
	at java.base/jdk.internal.reflect.DirectConstructorHandleAccessor.newInstance(DirectConstructorHandleAccessor.java:62)
	at java.base/java.lang.reflect.Constructor.newInstanceWithCaller(Constructor.java:499)
	at com.research.rbac_testing.bugs.ConcurrentModificationTestsPatched.conc01_ConcurrentReadsDuringWrite(ConcurrentModificationTestsPatched.java:97)
	at java.base/java.lang.reflect.Method.invoke(Method.java:565)
	at java.base/java.util.ArrayList.forEach(ArrayList.java:1604)
	at java.base/java.util.ArrayList.forEach(ArrayList.java:1604)
]]></failure>
    <system-out><![CDATA[>>> MR recorded: CONC-01-P FAIL (1726ms)
]]></system-out>
  </testcase>
</testsuite>